<?xml version="1.0" encoding="utf-8"?><testsuites name="pytest tests"><testsuite name="pytest" errors="0" failures="1" skipped="0" tests="6" time="6.293" timestamp="2025-08-21T07:01:08.223129-05:00" hostname="Nicks-MacBook-Air-3.local"><testcase classname="tests.unit.test_auth.TestPasswordSecurity" name="test_password_hashing" time="0.608" /><testcase classname="tests.unit.test_auth.TestPasswordSecurity" name="test_password_strength_validation" time="0.000" /><testcase classname="tests.unit.test_auth.TestJWTTokens" name="test_access_token_creation" time="0.003" /><testcase classname="tests.unit.test_auth.TestJWTTokens" name="test_access_token_with_expiry" time="0.000" /><testcase classname="tests.unit.test_auth.TestJWTTokens" name="test_refresh_token_creation" time="0.247" /><testcase classname="tests.unit.test_auth.TestJWTTokens" name="test_refresh_token_verification" time="0.219"><failure message="assert None is not None">#x1B[1m#x1B[31mtests/unit/test_auth.py#x1B[0m:149: in test_refresh_token_verification
    #x1B[0m#x1B[94massert#x1B[39;49;00m user #x1B[95mis#x1B[39;49;00m #x1B[95mnot#x1B[39;49;00m #x1B[94mNone#x1B[39;49;00m#x1B[90m#x1B[39;49;00m
#x1B[1m#x1B[31mE   assert None is not None#x1B[0m</failure></testcase></testsuite></testsuites>