<?xml version="1.0" encoding="utf-8"?><testsuites name="pytest tests"><testsuite name="pytest" errors="0" failures="11" skipped="0" tests="88" time="924.939" timestamp="2025-08-18T06:50:06.612021-05:00" hostname="Nicks-MacBook-Air-3.local"><testcase classname="tests.e2e.test_hook_system_e2e.TestCompleteWorkflows" name="test_frontend_component_complete_lifecycle" time="0.004"><failure message="assert False">#x1B[1m#x1B[31mtests/e2e/test_hook_system_e2e.py#x1B[0m:398: in test_frontend_component_complete_lifecycle
    #x1B[0m#x1B[94massert#x1B[39;49;00m test_result[#x1B[33m"#x1B[39;49;00m#x1B[33moperation_result#x1B[39;49;00m#x1B[33m"#x1B[39;49;00m][#x1B[33m"#x1B[39;49;00m#x1B[33msuccess#x1B[39;49;00m#x1B[33m"#x1B[39;49;00m]#x1B[90m#x1B[39;49;00m
#x1B[1m#x1B[31mE   assert False#x1B[0m</failure></testcase><testcase classname="tests.e2e.test_hook_system_e2e.TestCompleteWorkflows" name="test_prd_violation_prevention_and_recovery" time="0.004"><failure message="assert not True">#x1B[1m#x1B[31mtests/e2e/test_hook_system_e2e.py#x1B[0m:472: in test_prd_violation_prevention_and_recovery
    #x1B[0m#x1B[94massert#x1B[39;49;00m #x1B[95mnot#x1B[39;49;00m violation_result[#x1B[33m"#x1B[39;49;00m#x1B[33mpre_hook_result#x1B[39;49;00m#x1B[33m"#x1B[39;49;00m][#x1B[33m"#x1B[39;49;00m#x1B[33mvalidated#x1B[39;49;00m#x1B[33m"#x1B[39;49;00m]#x1B[90m#x1B[39;49;00m
#x1B[1m#x1B[31mE   assert not True#x1B[0m</failure></testcase><testcase classname="tests.e2e.test_hook_system_e2e.TestCompleteWorkflows" name="test_performance_monitoring_and_enforcement" time="0.003"><failure message="assert 90 &lt; 90">#x1B[1m#x1B[31mtests/e2e/test_hook_system_e2e.py#x1B[0m:590: in test_performance_monitoring_and_enforcement
    #x1B[0m#x1B[94massert#x1B[39;49;00m heavy_result[#x1B[33m"#x1B[39;49;00m#x1B[33mpre_hook_result#x1B[39;49;00m#x1B[33m"#x1B[39;49;00m][#x1B[33m"#x1B[39;49;00m#x1B[33mcompliance_score#x1B[39;49;00m#x1B[33m"#x1B[39;49;00m] &lt; #x1B[94m90#x1B[39;49;00m  #x1B[90m# Reduced score#x1B[39;49;00m#x1B[90m#x1B[39;49;00m
#x1B[1m#x1B[31mE   assert 90 &lt; 90#x1B[0m</failure></testcase><testcase classname="tests.e2e.test_hook_system_e2e.TestCompleteWorkflows" name="test_security_validation_integration" time="0.003" /><testcase classname="tests.e2e.test_hook_system_e2e.TestCompleteWorkflows" name="test_hook_system_performance_impact" time="0.004" /><testcase classname="tests.e2e.test_hook_system_e2e.TestSystemIntegrationValidation" name="test_makefile_integration_with_hooks" time="0.001" /><testcase classname="tests.e2e.test_hook_system_e2e.TestSystemIntegrationValidation" name="test_claude_flow_mcp_coordination" time="0.001" /><testcase classname="tests.integration.test_adk_integration.TestADKAgentIntegration" name="test_agent_creation" time="0.000" /><testcase classname="tests.integration.test_adk_integration.TestADKAgentIntegration" name="test_adk_app_configuration" time="0.001"><failure message="AssertionError: Expected 'get_fast_api_app' to have been called once. Called 0 times.">#x1B[1m#x1B[31mtests/integration/test_adk_integration.py#x1B[0m:122: in test_adk_app_configuration
    #x1B[0mmock_get_app.assert_called_once()#x1B[90m#x1B[39;49;00m
#x1B[1m#x1B[31m../../.local/share/uv/python/cpython-3.10.17-macos-aarch64-none/lib/python3.10/unittest/mock.py#x1B[0m:908: in assert_called_once
    #x1B[0m#x1B[94mraise#x1B[39;49;00m #x1B[96mAssertionError#x1B[39;49;00m(msg)#x1B[90m#x1B[39;49;00m
#x1B[1m#x1B[31mE   AssertionError: Expected 'get_fast_api_app' to have been called once. Called 0 times.#x1B[0m</failure></testcase><testcase classname="tests.integration.test_adk_integration.TestADKAgentIntegration" name="test_enhanced_callback_handler" time="0.000" /><testcase classname="tests.integration.test_adk_integration.TestADKAgentIntegration" name="test_adk_message_processing" time="0.000" /><testcase classname="tests.integration.test_adk_integration.TestADKAgentIntegration" name="test_session_state_management" time="0.000" /><testcase classname="tests.integration.test_adk_integration.TestADKAgentIntegration" name="test_adk_streaming_integration" time="0.000" /><testcase classname="tests.integration.test_adk_integration.TestADKConfigurationHandling" name="test_config_loading" time="0.001" /><testcase classname="tests.integration.test_adk_integration.TestADKConfigurationHandling" name="test_config_defaults" time="0.000" /><testcase classname="tests.integration.test_adk_integration.TestADKConfigurationHandling" name="test_config_validation" time="0.001" /><testcase classname="tests.integration.test_adk_integration.TestADKMessageTransformation" name="test_user_message_transformation" time="0.000" /><testcase classname="tests.integration.test_adk_integration.TestADKMessageTransformation" name="test_system_message_transformation" time="0.000" /><testcase classname="tests.integration.test_adk_integration.TestADKMessageTransformation" name="test_multi_part_message_handling" time="0.000" /><testcase classname="tests.integration.test_adk_integration.TestADKMessageTransformation" name="test_metadata_preservation" time="0.000" /><testcase classname="tests.integration.test_adk_integration.TestADKMessageTransformation" name="test_error_message_handling" time="0.000" /><testcase classname="tests.integration.test_adk_integration.TestADKRealTimeIntegration" name="test_concurrent_adk_requests" time="0.106" /><testcase classname="tests.integration.test_adk_integration.TestADKRealTimeIntegration" name="test_adk_session_persistence" time="0.000" /><testcase classname="tests.integration.test_adk_integration.TestADKRealTimeIntegration" name="test_adk_streaming_performance" time="0.508" /><testcase classname="tests.integration.test_adk_integration.TestADKRealTimeIntegration" name="test_adk_error_recovery" time="0.014" /><testcase classname="tests.integration.test_agent" name="test_agent_stream" time="8.532" /><testcase classname="tests.integration.test_api_endpoints.TestAPIEndpoints" name="test_health_check_endpoint" time="0.010" /><testcase classname="tests.integration.test_api_endpoints.TestAPIEndpoints" name="test_feedback_collection_endpoint" time="0.453" /><testcase classname="tests.integration.test_api_endpoints.TestAPIEndpoints" name="test_feedback_validation" time="0.388" /><testcase classname="tests.integration.test_api_endpoints.TestAPIEndpoints" name="test_agent_network_sse_endpoint" time="0.007" /><testcase classname="tests.integration.test_api_endpoints.TestAPIEndpoints" name="test_agent_network_history_endpoint" time="0.198" /><testcase classname="tests.integration.test_api_endpoints.TestAPIEndpoints" name="test_adk_integration_endpoints" time="0.003" /><testcase classname="tests.integration.test_api_endpoints.TestAPIEndpoints" name="test_cors_configuration" time="0.002" /><testcase classname="tests.integration.test_api_endpoints.TestAPIEndpoints" name="test_session_creation_endpoint" time="0.001" /><testcase classname="tests.integration.test_api_endpoints.TestStreamingEndpoints" name="test_streaming_response_format" time="0.006" /><testcase classname="tests.integration.test_api_endpoints.TestStreamingEndpoints" name="test_sse_connection_lifecycle" time="0.006" /><testcase classname="tests.integration.test_api_endpoints.TestErrorHandling" name="test_invalid_session_id_format" time="0.007" /><testcase classname="tests.integration.test_api_endpoints.TestErrorHandling" name="test_malformed_feedback_data" time="0.010" /><testcase classname="tests.integration.test_api_endpoints.TestErrorHandling" name="test_large_payload_handling" time="0.003" /><testcase classname="tests.integration.test_api_endpoints.TestErrorHandling" name="test_concurrent_requests" time="0.017" /><testcase classname="tests.integration.test_api_endpoints.TestPerformanceAndLimits" name="test_health_endpoint_performance" time="0.002" /><testcase classname="tests.integration.test_api_endpoints.TestPerformanceAndLimits" name="test_feedback_endpoint_performance" time="0.002" /><testcase classname="tests.integration.test_api_endpoints.TestPerformanceAndLimits" name="test_multiple_sse_connections" time="0.008" /><testcase classname="tests.integration.test_auth_api.TestUserRegistration" name="test_register_user_success" time="0.203"><failure message="KeyError: 'email'">#x1B[1m#x1B[31mtests/integration/test_auth_api.py#x1B[0m:130: in test_register_user_success
    #x1B[0m#x1B[94massert#x1B[39;49;00m data[#x1B[33m"#x1B[39;49;00m#x1B[33memail#x1B[39;49;00m#x1B[33m"#x1B[39;49;00m] == test_user_data[#x1B[33m"#x1B[39;49;00m#x1B[33memail#x1B[39;49;00m#x1B[33m"#x1B[39;49;00m]#x1B[90m#x1B[39;49;00m
#x1B[1m#x1B[31mE   KeyError: 'email'#x1B[0m</failure></testcase><testcase classname="tests.integration.test_auth_api.TestUserRegistration" name="test_register_user_duplicate_email" time="0.208" /><testcase classname="tests.integration.test_auth_api.TestUserRegistration" name="test_register_user_weak_password" time="0.004"><failure message="assert 422 == 400&#10; +  where 422 = &lt;Response [422 Unprocessable Entity]&gt;.status_code">#x1B[1m#x1B[31mtests/integration/test_auth_api.py#x1B[0m:159: in test_register_user_weak_password
    #x1B[0m#x1B[94massert#x1B[39;49;00m response.status_code == #x1B[94m400#x1B[39;49;00m#x1B[90m#x1B[39;49;00m
#x1B[1m#x1B[31mE   assert 422 == 400#x1B[0m
#x1B[1m#x1B[31mE    +  where 422 = &lt;Response [422 Unprocessable Entity]&gt;.status_code#x1B[0m</failure></testcase><testcase classname="tests.integration.test_auth_api.TestUserRegistration" name="test_register_user_invalid_email" time="0.003" /><testcase classname="tests.integration.test_auth_api.TestUserLogin" name="test_login_success_json" time="0.420" /><testcase classname="tests.integration.test_auth_api.TestUserLogin" name="test_login_success_form_data" time="0.393" /><testcase classname="tests.integration.test_auth_api.TestUserLogin" name="test_login_form_data_no_grant_type" time="0.400" /><testcase classname="tests.integration.test_auth_api.TestUserLogin" name="test_login_form_data_invalid_grant_type" time="0.204" /><testcase classname="tests.integration.test_auth_api.TestUserLogin" name="test_login_form_data_missing_credentials" time="0.003" /><testcase classname="tests.integration.test_auth_api.TestUserLogin" name="test_login_unsupported_content_type" time="0.003" /><testcase classname="tests.integration.test_auth_api.TestUserLogin" name="test_login_by_email_json" time="0.393" /><testcase classname="tests.integration.test_auth_api.TestUserLogin" name="test_login_by_email_form_data" time="0.392" /><testcase classname="tests.integration.test_auth_api.TestUserLogin" name="test_login_invalid_credentials_json" time="0.406" /><testcase classname="tests.integration.test_auth_api.TestUserLogin" name="test_login_invalid_credentials_form_data" time="0.390" /><testcase classname="tests.integration.test_auth_api.TestUserLogin" name="test_login_inactive_user_json" time="0.393" /><testcase classname="tests.integration.test_auth_api.TestUserLogin" name="test_login_inactive_user_form_data" time="0.392" /><testcase classname="tests.integration.test_auth_api.TestOAuth2Compliance" name="test_oauth2_error_response_structure" time="0.003" /><testcase classname="tests.integration.test_auth_api.TestOAuth2Compliance" name="test_oauth2_grant_type_validation" time="0.396" /><testcase classname="tests.integration.test_auth_api.TestOAuth2Compliance" name="test_oauth2_malformed_request" time="0.003" /><testcase classname="tests.integration.test_auth_api.TestOAuth2Compliance" name="test_oauth2_content_type_handling" time="0.591" /><testcase classname="tests.integration.test_auth_api.TestOAuth2Compliance" name="test_oauth2_response_headers" time="0.424" /><testcase classname="tests.integration.test_auth_api.TestTokenRefresh" name="test_refresh_token_success" time="0.445"><failure message="assert 401 == 200&#10; +  where 401 = &lt;Response [401 Unauthorized]&gt;.status_code">#x1B[1m#x1B[31mtests/integration/test_auth_api.py#x1B[0m:564: in test_refresh_token_success
    #x1B[0m#x1B[94massert#x1B[39;49;00m response.status_code == #x1B[94m200#x1B[39;49;00m#x1B[90m#x1B[39;49;00m
#x1B[1m#x1B[31mE   assert 401 == 200#x1B[0m
#x1B[1m#x1B[31mE    +  where 401 = &lt;Response [401 Unauthorized]&gt;.status_code#x1B[0m</failure></testcase><testcase classname="tests.integration.test_auth_api.TestTokenRefresh" name="test_refresh_token_invalid" time="0.004" /><testcase classname="tests.integration.test_auth_api.TestUserInfo" name="test_get_current_user" time="0.444" /><testcase classname="tests.integration.test_auth_api.TestUserInfo" name="test_get_current_user_unauthorized" time="0.002"><failure message="assert 403 == 401&#10; +  where 403 = &lt;Response [403 Forbidden]&gt;.status_code">#x1B[1m#x1B[31mtests/integration/test_auth_api.py#x1B[0m:606: in test_get_current_user_unauthorized
    #x1B[0m#x1B[94massert#x1B[39;49;00m response.status_code == #x1B[94m401#x1B[39;49;00m#x1B[90m#x1B[39;49;00m
#x1B[1m#x1B[31mE   assert 403 == 401#x1B[0m
#x1B[1m#x1B[31mE    +  where 403 = &lt;Response [403 Forbidden]&gt;.status_code#x1B[0m</failure></testcase><testcase classname="tests.integration.test_auth_api.TestUserInfo" name="test_update_current_user" time="0.444" /><testcase classname="tests.integration.test_auth_api.TestPasswordManagement" name="test_change_password" time="1.267" /><testcase classname="tests.integration.test_auth_api.TestPasswordManagement" name="test_change_password_wrong_current" time="0.594" /><testcase classname="tests.integration.test_auth_api.TestUserManagement" name="test_list_users_admin" time="0.394" /><testcase classname="tests.integration.test_auth_api.TestUserManagement" name="test_list_users_unauthorized" time="0.002"><failure message="assert 403 == 401&#10; +  where 403 = &lt;Response [403 Forbidden]&gt;.status_code">#x1B[1m#x1B[31mtests/integration/test_auth_api.py#x1B[0m:718: in test_list_users_unauthorized
    #x1B[0m#x1B[94massert#x1B[39;49;00m response.status_code == #x1B[94m401#x1B[39;49;00m#x1B[90m#x1B[39;49;00m
#x1B[1m#x1B[31mE   assert 403 == 401#x1B[0m
#x1B[1m#x1B[31mE    +  where 403 = &lt;Response [403 Forbidden]&gt;.status_code#x1B[0m</failure></testcase><testcase classname="tests.integration.test_auth_api.TestUserManagement" name="test_get_user_by_id_admin" time="0.392" /><testcase classname="tests.integration.test_auth_api.TestUserManagement" name="test_get_nonexistent_user" time="0.393" /><testcase classname="tests.integration.test_auth_api.TestRoleManagement" name="test_list_roles_superuser" time="0.391" /><testcase classname="tests.integration.test_auth_api.TestRoleManagement" name="test_create_role_superuser" time="0.404" /><testcase classname="tests.integration.test_auth_api.TestRoleManagement" name="test_list_permissions_superuser" time="0.392" /><testcase classname="tests.integration.test_auth_api.TestSecurityMiddleware" name="test_security_headers" time="0.002" /><testcase classname="tests.integration.test_auth_api.TestSecurityMiddleware" name="test_rate_limiting" time="0.164" /><testcase classname="tests.integration.test_auth_api.TestProtectedEndpoints" name="test_feedback_requires_auth" time="0.002"><failure message="assert 403 == 401&#10; +  where 403 = &lt;Response [403 Forbidden]&gt;.status_code">#x1B[1m#x1B[31mtests/integration/test_auth_api.py#x1B[0m:819: in test_feedback_requires_auth
    #x1B[0m#x1B[94massert#x1B[39;49;00m response.status_code == #x1B[94m401#x1B[39;49;00m#x1B[90m#x1B[39;49;00m
#x1B[1m#x1B[31mE   assert 403 == 401#x1B[0m
#x1B[1m#x1B[31mE    +  where 403 = &lt;Response [403 Forbidden]&gt;.status_code#x1B[0m</failure></testcase><testcase classname="tests.integration.test_auth_api.TestProtectedEndpoints" name="test_feedback_with_auth" time="0.010"><failure message="KeyError: 'tokens'">#x1B[1m#x1B[31mtests/integration/test_auth_api.py#x1B[0m:832: in test_feedback_with_auth
    #x1B[0mtoken = login_response.json()[#x1B[33m"#x1B[39;49;00m#x1B[33mtokens#x1B[39;49;00m#x1B[33m"#x1B[39;49;00m][#x1B[33m"#x1B[39;49;00m#x1B[33maccess_token#x1B[39;49;00m#x1B[33m"#x1B[39;49;00m]#x1B[90m#x1B[39;49;00m
#x1B[1m#x1B[31mE   KeyError: 'tokens'#x1B[0m</failure></testcase><testcase classname="tests.integration.test_auth_api.TestProtectedEndpoints" name="test_sse_requires_auth" time="0.003" /><testcase classname="tests.integration.test_auth_api.TestProtectedEndpoints" name="test_agent_history_requires_auth" time="0.003" /><testcase classname="tests.integration.test_error_handling.TestNetworkErrorHandling" name="test_connection_timeout_handling" time="0.001" /><testcase classname="tests.integration.test_error_handling.TestNetworkErrorHandling" name="test_connection_refused_handling" time="0.000" /><testcase classname="tests.integration.test_error_handling.TestNetworkErrorHandling" name="test_intermittent_network_failures" time="0.313" /><testcase classname="tests.integration.test_error_handling.TestNetworkErrorHandling" name="test_slow_network_response" time="2.008" /><testcase time="0.001" /></testsuite></testsuites>